<?xml version="1.0" encoding="UTF-8"?>
<testsuite name="de.unibremen.swp.stundenplan.logic.TeacherManagerDataIntTest" time="3.51" tests="1" errors="0" skipped="0" failures="1">
  <properties>
[...]
</properties>
  <testcase name="testAddTeacherWithValidInput" classname="de.unibremen.swp.stundenplan.logic.TeacherManagerDataIntTest" time="3.51">
    <failure message="expected null, but was:&lt;Teacher [acronym=Tes, name=Test Tester, hpw=23,00]&gt;" type="java.lang.AssertionError"><![CDATA[java.lang.AssertionError: expected null, but was:<Teacher [acronym=Tes, name=Test Tester, hpw=23,00]>
	at org.junit.Assert.fail(Assert.java:88)
	at org.junit.Assert.failNotNull(Assert.java:664)
	at org.junit.Assert.assertNull(Assert.java:646)
	at org.junit.Assert.assertNull(Assert.java:656)
	at de.unibremen.swp.stundenplan.logic.TeacherManagerDataIntTest.testAddTeacherWithValidInput(TeacherManagerDataIntTest.java:77)
]]></failure>
    <system-out><![CDATA[DEBUG  - Creating new persistence manager
[EL Warning]: 2014-12-25 12:49:08.615--ServerSession(1873189623)--Exception [EclipseLink-4002] (Eclipse Persistence Services - 2.0.0.v20091127-r5931): org.eclipse.persistence.exceptions.DatabaseException
Internal Exception: java.sql.SQLException: Table/View 'DAYTABLE' already exists in Schema 'STUNDENPLAN'.
Error Code: 30000
Call: CREATE TABLE DAYTABLE (ID BIGINT NOT NULL, WEEKDAY VARCHAR(255), TEACHER_ACRONYM VARCHAR(5), SCHOOLCLASS_NAME VARCHAR(255), PRIMARY KEY (ID))
Query: DataModifyQuery(sql="CREATE TABLE DAYTABLE (ID BIGINT NOT NULL, WEEKDAY VARCHAR(255), TEACHER_ACRONYM VARCHAR(5), SCHOOLCLASS_NAME VARCHAR(255), PRIMARY KEY (ID))")
[EL Warning]: 2014-12-25 12:49:08.626--ServerSession(1873189623)--Exception [EclipseLink-4002] (Eclipse Persistence Services - 2.0.0.v20091127-r5931): org.eclipse.persistence.exceptions.DatabaseException
Internal Exception: java.sql.SQLException: Table/View 'TIMESLOT_TEACHER' already exists in Schema 'STUNDENPLAN'.
Error Code: 30000
Call: CREATE TABLE TIMESLOT_TEACHER (Timeslot_ID BIGINT NOT NULL, teachers_ACRONYM VARCHAR(5) NOT NULL, PRIMARY KEY (Timeslot_ID, teachers_ACRONYM))
Query: DataModifyQuery(sql="CREATE TABLE TIMESLOT_TEACHER (Timeslot_ID BIGINT NOT NULL, teachers_ACRONYM VARCHAR(5) NOT NULL, PRIMARY KEY (Timeslot_ID, teachers_ACRONYM))")
[EL Warning]: 2014-12-25 12:49:08.641--ServerSession(1873189623)--Exception [EclipseLink-4002] (Eclipse Persistence Services - 2.0.0.v20091127-r5931): org.eclipse.persistence.exceptions.DatabaseException
Internal Exception: java.sql.SQLException: Table/View 'SCHOOLCLASS_TIMESLOT' already exists in Schema 'STUNDENPLAN'.
Error Code: 30000
Call: CREATE TABLE SCHOOLCLASS_TIMESLOT (Schoolclass_NAME VARCHAR(255) NOT NULL, timeslots_ID BIGINT NOT NULL, PRIMARY KEY (Schoolclass_NAME, timeslots_ID))
Query: DataModifyQuery(sql="CREATE TABLE SCHOOLCLASS_TIMESLOT (Schoolclass_NAME VARCHAR(255) NOT NULL, timeslots_ID BIGINT NOT NULL, PRIMARY KEY (Schoolclass_NAME, timeslots_ID))")
[EL Warning]: 2014-12-25 12:49:08.657--ServerSession(1873189623)--Exception [EclipseLink-4002] (Eclipse Persistence Services - 2.0.0.v20091127-r5931): org.eclipse.persistence.exceptions.DatabaseException
Internal Exception: java.sql.SQLException: Table/View 'DAYTABLE_TIMESLOT' already exists in Schema 'STUNDENPLAN'.
Error Code: 30000
Call: CREATE TABLE DAYTABLE_TIMESLOT (DayTable_ID BIGINT NOT NULL, timeslots_ID BIGINT NOT NULL, PRIMARY KEY (DayTable_ID, timeslots_ID))
Query: DataModifyQuery(sql="CREATE TABLE DAYTABLE_TIMESLOT (DayTable_ID BIGINT NOT NULL, timeslots_ID BIGINT NOT NULL, PRIMARY KEY (DayTable_ID, timeslots_ID))")
[EL Warning]: 2014-12-25 12:49:08.673--ServerSession(1873189623)--Exception [EclipseLink-4002] (Eclipse Persistence Services - 2.0.0.v20091127-r5931): org.eclipse.persistence.exceptions.DatabaseException
Internal Exception: java.sql.SQLException: Table/View 'SUBJECT' already exists in Schema 'STUNDENPLAN'.
Error Code: 30000
Call: CREATE TABLE SUBJECT (ID BIGINT NOT NULL, ACRONYM VARCHAR(5), NAME VARCHAR(255) NOT NULL, TIMESLOT_ID BIGINT, PRIMARY KEY (ID))
Query: DataModifyQuery(sql="CREATE TABLE SUBJECT (ID BIGINT NOT NULL, ACRONYM VARCHAR(5), NAME VARCHAR(255) NOT NULL, TIMESLOT_ID BIGINT, PRIMARY KEY (ID))")
[EL Warning]: 2014-12-25 12:49:08.688--ServerSession(1873189623)--Exception [EclipseLink-4002] (Eclipse Persistence Services - 2.0.0.v20091127-r5931): org.eclipse.persistence.exceptions.DatabaseException
Internal Exception: java.sql.SQLException: Table/View 'TIMESLOT' already exists in Schema 'STUNDENPLAN'.
Error Code: 30000
Call: CREATE TABLE TIMESLOT (ID BIGINT NOT NULL, STARTTIME TIME, PRIMARY KEY (ID))
Query: DataModifyQuery(sql="CREATE TABLE TIMESLOT (ID BIGINT NOT NULL, STARTTIME TIME, PRIMARY KEY (ID))")
[EL Warning]: 2014-12-25 12:49:08.688--ServerSession(1873189623)--Exception [EclipseLink-4002] (Eclipse Persistence Services - 2.0.0.v20091127-r5931): org.eclipse.persistence.exceptions.DatabaseException
Internal Exception: java.sql.SQLException: Table/View 'TEACHER_TIMESLOT' already exists in Schema 'STUNDENPLAN'.
Error Code: 30000
Call: CREATE TABLE TEACHER_TIMESLOT (Teacher_ACRONYM VARCHAR(5) NOT NULL, timeslots_ID BIGINT NOT NULL, PRIMARY KEY (Teacher_ACRONYM, timeslots_ID))
Query: DataModifyQuery(sql="CREATE TABLE TEACHER_TIMESLOT (Teacher_ACRONYM VARCHAR(5) NOT NULL, timeslots_ID BIGINT NOT NULL, PRIMARY KEY (Teacher_ACRONYM, timeslots_ID))")
[EL Warning]: 2014-12-25 12:49:08.704--ServerSession(1873189623)--Exception [EclipseLink-4002] (Eclipse Persistence Services - 2.0.0.v20091127-r5931): org.eclipse.persistence.exceptions.DatabaseException
Internal Exception: java.sql.SQLException: Table/View 'SCHOOLCLASS' already exists in Schema 'STUNDENPLAN'.
Error Code: 30000
Call: CREATE TABLE SCHOOLCLASS (NAME VARCHAR(255) NOT NULL, ID BIGINT, PRIMARY KEY (NAME))
Query: DataModifyQuery(sql="CREATE TABLE SCHOOLCLASS (NAME VARCHAR(255) NOT NULL, ID BIGINT, PRIMARY KEY (NAME))")
[EL Warning]: 2014-12-25 12:49:08.719--ServerSession(1873189623)--Exception [EclipseLink-4002] (Eclipse Persistence Services - 2.0.0.v20091127-r5931): org.eclipse.persistence.exceptions.DatabaseException
Internal Exception: java.sql.SQLException: Table/View 'TIMESLOT_SUBJECT' already exists in Schema 'STUNDENPLAN'.
Error Code: 30000
Call: CREATE TABLE TIMESLOT_SUBJECT (Timeslot_ID BIGINT NOT NULL, subjects_ID BIGINT NOT NULL, PRIMARY KEY (Timeslot_ID, subjects_ID))
Query: DataModifyQuery(sql="CREATE TABLE TIMESLOT_SUBJECT (Timeslot_ID BIGINT NOT NULL, subjects_ID BIGINT NOT NULL, PRIMARY KEY (Timeslot_ID, subjects_ID))")
[EL Warning]: 2014-12-25 12:49:08.751--ServerSession(1873189623)--Exception [EclipseLink-4002] (Eclipse Persistence Services - 2.0.0.v20091127-r5931): org.eclipse.persistence.exceptions.DatabaseException
Internal Exception: java.sql.SQLException: Table/View 'TEACHER' already exists in Schema 'STUNDENPLAN'.
Error Code: 30000
Call: CREATE TABLE TEACHER (ACRONYM VARCHAR(5) NOT NULL, HOURSPERWEEK DECIMAL(4,2), NAME VARCHAR(255) NOT NULL, ARBEITSZEIT DECIMAL(15), PRIMARY KEY (ACRONYM))
Query: DataModifyQuery(sql="CREATE TABLE TEACHER (ACRONYM VARCHAR(5) NOT NULL, HOURSPERWEEK DECIMAL(4,2), NAME VARCHAR(255) NOT NULL, ARBEITSZEIT DECIMAL(15), PRIMARY KEY (ACRONYM))")
[EL Warning]: 2014-12-25 12:49:08.766--ServerSession(1873189623)--Exception [EclipseLink-4002] (Eclipse Persistence Services - 2.0.0.v20091127-r5931): org.eclipse.persistence.exceptions.DatabaseException
Internal Exception: java.sql.SQLException: Table/View 'TIMESLOT_SCHOOLCLASS' already exists in Schema 'STUNDENPLAN'.
Error Code: 30000
Call: CREATE TABLE TIMESLOT_SCHOOLCLASS (Timeslot_ID BIGINT NOT NULL, schoolclasses_NAME VARCHAR(255) NOT NULL, PRIMARY KEY (Timeslot_ID, schoolclasses_NAME))
Query: DataModifyQuery(sql="CREATE TABLE TIMESLOT_SCHOOLCLASS (Timeslot_ID BIGINT NOT NULL, schoolclasses_NAME VARCHAR(255) NOT NULL, PRIMARY KEY (Timeslot_ID, schoolclasses_NAME))")
[EL Warning]: 2014-12-25 12:49:08.844--ServerSession(1873189623)--Exception [EclipseLink-4002] (Eclipse Persistence Services - 2.0.0.v20091127-r5931): org.eclipse.persistence.exceptions.DatabaseException
Internal Exception: java.sql.SQLException: Constraint 'DYTBLSCHLCLASSNAME' already exists in Schema 'STUNDENPLAN'.
Error Code: 30000
Call: ALTER TABLE DAYTABLE ADD CONSTRAINT DYTBLSCHLCLASSNAME FOREIGN KEY (SCHOOLCLASS_NAME) REFERENCES SCHOOLCLASS (NAME)
Query: DataModifyQuery(sql="ALTER TABLE DAYTABLE ADD CONSTRAINT DYTBLSCHLCLASSNAME FOREIGN KEY (SCHOOLCLASS_NAME) REFERENCES SCHOOLCLASS (NAME)")
[EL Warning]: 2014-12-25 12:49:08.876--ServerSession(1873189623)--Exception [EclipseLink-4002] (Eclipse Persistence Services - 2.0.0.v20091127-r5931): org.eclipse.persistence.exceptions.DatabaseException
Internal Exception: java.sql.SQLException: Constraint 'TMSLTTEACHERTMSLTD' already exists in Schema 'STUNDENPLAN'.
Error Code: 30000
Call: ALTER TABLE TIMESLOT_TEACHER ADD CONSTRAINT TMSLTTEACHERTmsltD FOREIGN KEY (Timeslot_ID) REFERENCES TIMESLOT (ID)
Query: DataModifyQuery(sql="ALTER TABLE TIMESLOT_TEACHER ADD CONSTRAINT TMSLTTEACHERTmsltD FOREIGN KEY (Timeslot_ID) REFERENCES TIMESLOT (ID)")
[EL Warning]: 2014-12-25 12:49:08.907--ServerSession(1873189623)--Exception [EclipseLink-4002] (Eclipse Persistence Services - 2.0.0.v20091127-r5931): org.eclipse.persistence.exceptions.DatabaseException
Internal Exception: java.sql.SQLException: Constraint 'SCHLCLSSTMSTMSLTSD' already exists in Schema 'STUNDENPLAN'.
Error Code: 30000
Call: ALTER TABLE SCHOOLCLASS_TIMESLOT ADD CONSTRAINT SCHLCLSSTMStmsltsD FOREIGN KEY (timeslots_ID) REFERENCES TIMESLOT (ID)
Query: DataModifyQuery(sql="ALTER TABLE SCHOOLCLASS_TIMESLOT ADD CONSTRAINT SCHLCLSSTMStmsltsD FOREIGN KEY (timeslots_ID) REFERENCES TIMESLOT (ID)")
[EL Warning]: 2014-12-25 12:49:08.923--ServerSession(1873189623)--Exception [EclipseLink-4002] (Eclipse Persistence Services - 2.0.0.v20091127-r5931): org.eclipse.persistence.exceptions.DatabaseException
Internal Exception: java.sql.SQLException: Constraint 'DYTBLTMSLOTTMSLTSD' already exists in Schema 'STUNDENPLAN'.
Error Code: 30000
Call: ALTER TABLE DAYTABLE_TIMESLOT ADD CONSTRAINT DYTBLTMSLOTtmsltsD FOREIGN KEY (timeslots_ID) REFERENCES TIMESLOT (ID)
Query: DataModifyQuery(sql="ALTER TABLE DAYTABLE_TIMESLOT ADD CONSTRAINT DYTBLTMSLOTtmsltsD FOREIGN KEY (timeslots_ID) REFERENCES TIMESLOT (ID)")
[EL Warning]: 2014-12-25 12:49:08.938--ServerSession(1873189623)--Exception [EclipseLink-4002] (Eclipse Persistence Services - 2.0.0.v20091127-r5931): org.eclipse.persistence.exceptions.DatabaseException
Internal Exception: java.sql.SQLException: Constraint 'SUBJECTTIMESLOT_ID' already exists in Schema 'STUNDENPLAN'.
Error Code: 30000
Call: ALTER TABLE SUBJECT ADD CONSTRAINT SUBJECTTIMESLOT_ID FOREIGN KEY (TIMESLOT_ID) REFERENCES TIMESLOT (ID)
Query: DataModifyQuery(sql="ALTER TABLE SUBJECT ADD CONSTRAINT SUBJECTTIMESLOT_ID FOREIGN KEY (TIMESLOT_ID) REFERENCES TIMESLOT (ID)")
[EL Warning]: 2014-12-25 12:49:08.938--ServerSession(1873189623)--Exception [EclipseLink-4002] (Eclipse Persistence Services - 2.0.0.v20091127-r5931): org.eclipse.persistence.exceptions.DatabaseException
Internal Exception: java.sql.SQLException: Constraint 'TCHRTMESLOTTMSLTSD' already exists in Schema 'STUNDENPLAN'.
Error Code: 30000
Call: ALTER TABLE TEACHER_TIMESLOT ADD CONSTRAINT TCHRTMESLOTtmsltsD FOREIGN KEY (timeslots_ID) REFERENCES TIMESLOT (ID)
Query: DataModifyQuery(sql="ALTER TABLE TEACHER_TIMESLOT ADD CONSTRAINT TCHRTMESLOTtmsltsD FOREIGN KEY (timeslots_ID) REFERENCES TIMESLOT (ID)")
[EL Warning]: 2014-12-25 12:49:08.954--ServerSession(1873189623)--Exception [EclipseLink-4002] (Eclipse Persistence Services - 2.0.0.v20091127-r5931): org.eclipse.persistence.exceptions.DatabaseException
Internal Exception: java.sql.SQLException: Constraint 'TMSLTSBJECTSBJCTSD' already exists in Schema 'STUNDENPLAN'.
Error Code: 30000
Call: ALTER TABLE TIMESLOT_SUBJECT ADD CONSTRAINT TMSLTSBJECTsbjctsD FOREIGN KEY (subjects_ID) REFERENCES SUBJECT (ID)
Query: DataModifyQuery(sql="ALTER TABLE TIMESLOT_SUBJECT ADD CONSTRAINT TMSLTSBJECTsbjctsD FOREIGN KEY (subjects_ID) REFERENCES SUBJECT (ID)")
[EL Warning]: 2014-12-25 12:49:09.001--ServerSession(1873189623)--Exception [EclipseLink-4002] (Eclipse Persistence Services - 2.0.0.v20091127-r5931): org.eclipse.persistence.exceptions.DatabaseException
Internal Exception: java.sql.SQLException: Constraint 'TMSLTSCSCHLCLSSSNM' already exists in Schema 'STUNDENPLAN'.
Error Code: 30000
Call: ALTER TABLE TIMESLOT_SCHOOLCLASS ADD CONSTRAINT TMSLTSCschlclsssNM FOREIGN KEY (schoolclasses_NAME) REFERENCES SCHOOLCLASS (NAME)
Query: DataModifyQuery(sql="ALTER TABLE TIMESLOT_SCHOOLCLASS ADD CONSTRAINT TMSLTSCschlclsssNM FOREIGN KEY (schoolclasses_NAME) REFERENCES SCHOOLCLASS (NAME)")
[EL Warning]: 2014-12-25 12:49:09.016--ServerSession(1873189623)--Exception [EclipseLink-4002] (Eclipse Persistence Services - 2.0.0.v20091127-r5931): org.eclipse.persistence.exceptions.DatabaseException
Internal Exception: java.sql.SQLException: Table/View 'SEQUENCE' already exists in Schema 'STUNDENPLAN'.
Error Code: 30000
Call: CREATE TABLE SEQUENCE (SEQ_NAME VARCHAR(50) NOT NULL, SEQ_COUNT DECIMAL(15), PRIMARY KEY (SEQ_NAME))
Query: DataModifyQuery(sql="CREATE TABLE SEQUENCE (SEQ_NAME VARCHAR(50) NOT NULL, SEQ_COUNT DECIMAL(15), PRIMARY KEY (SEQ_NAME))")
]]></system-out>
  </testcase>
</testsuite>